# JRE version: OpenJDK Runtime Environment Temurin-21.0.4+7 (21.0.4+7) (build 21.0.4+7-LTS)
# Java VM: OpenJDK 64-Bit Server VM Temurin-21.0.4+7 (21.0.4+7-LTS, mixed mode, sharing, tiered, compressed oops, compressed class ptrs, g1 gc, windows-amd64)
GC Precious Log:
 CardTable entry size: 512
 Card Set container configuration: InlinePtr #cards 5 size 8 Array Of Cards #cards 12 size 40 Howl #buckets 4 coarsen threshold 1843 Howl Bitmap #cards 512 size 80 coarsen threshold 460 Card regions per heap region 1 cards per card region 2048
 CPUs: 4 total, 4 available
 Memory: 7818M
 Large Page Support: Disabled
 NUMA Support: Disabled
 Compressed Oops: Enabled (32-bit)
 Heap Region Size: 1M
 Heap Min Capacity: 8M
 Heap Initial Capacity: 124M
 Heap Max Capacity: 1956M
 Pre-touch: Disabled
 Parallel Workers: 4
 Concurrent Workers: 1
 Concurrent Refinement Workers: 4
 Periodic GC: Disabled
Heap:
 garbage-first heap   total 126976K, used 44971K [0x0000000085c00000, 0x0000000100000000)
  region size 1024K, 33 young (33792K), 3 survivors (3072K)
 Metaspace       used 13255K, committed 13760K, reserved 1114112K
  class space    used 1506K, committed 1728K, reserved 1048576K
GC Heap History (8 events):
Event: 189.277 GC heap before
{Heap before GC invocations=0 (full 0):
 garbage-first heap   total 126976K, used 16384K [0x0000000085c00000, 0x0000000100000000)
  region size 1024K, 13 young (13312K), 0 survivors (0K)
 Metaspace       used 5226K, committed 5440K, reserved 1114112K
  class space    used 527K, committed 640K, reserved 1048576K
}
Event: 189.291 GC heap after
{Heap after GC invocations=1 (full 0):
 garbage-first heap   total 126976K, used 6840K [0x0000000085c00000, 0x0000000100000000)
  region size 1024K, 2 young (2048K), 2 survivors (2048K)
 Metaspace       used 5226K, committed 5440K, reserved 1114112K
  class space    used 527K, committed 640K, reserved 1048576K
}
Event: 426.227 GC heap before
{Heap before GC invocations=1 (full 0):
 garbage-first heap   total 126976K, used 29368K [0x0000000085c00000, 0x0000000100000000)
  region size 1024K, 18 young (18432K), 2 survivors (2048K)
 Metaspace       used 11563K, committed 11904K, reserved 1114112K
  class space    used 1199K, committed 1344K, reserved 1048576K
}
Event: 426.234 GC heap after
{Heap after GC invocations=2 (full 0):
 garbage-first heap   total 126976K, used 14248K [0x0000000085c00000, 0x0000000100000000)
  region size 1024K, 2 young (2048K), 2 survivors (2048K)
 Metaspace       used 11563K, committed 11904K, reserved 1114112K
  class space    used 1199K, committed 1344K, reserved 1048576K
}
Event: 1015.829 GC heap before
{Heap before GC invocations=2 (full 0):
 garbage-first heap   total 126976K, used 51112K [0x0000000085c00000, 0x0000000100000000)
  region size 1024K, 38 young (38912K), 2 survivors (2048K)
 Metaspace       used 12491K, committed 12864K, reserved 1114112K
  class space    used 1334K, committed 1536K, reserved 1048576K
}
Event: 1015.836 GC heap after
{Heap after GC invocations=3 (full 0):
 garbage-first heap   total 126976K, used 14750K [0x0000000085c00000, 0x0000000100000000)
  region size 1024K, 2 young (2048K), 2 survivors (2048K)
 Metaspace       used 12491K, committed 12864K, reserved 1114112K
  class space    used 1334K, committed 1536K, reserved 1048576K
}
Event: 2072.670 GC heap before
{Heap before GC invocations=3 (full 0):
 garbage-first heap   total 126976K, used 88478K [0x0000000085c00000, 0x0000000100000000)
  region size 1024K, 74 young (75776K), 2 survivors (2048K)
 Metaspace       used 13238K, committed 13760K, reserved 1114112K
  class space    used 1503K, committed 1728K, reserved 1048576K
}
Event: 2072.679 GC heap after
{Heap after GC invocations=4 (full 0):
 garbage-first heap   total 126976K, used 15275K [0x0000000085c00000, 0x0000000100000000)
  region size 1024K, 3 young (3072K), 3 survivors (3072K)
 Metaspace       used 13238K, committed 13760K, reserved 1114112K
  class space    used 1503K, committed 1728K, reserved 1048576K
}

